<?xml version="1.0" encoding="UTF-8"?>
<testng-results ignored="0" total="5" passed="4" failed="1" skipped="0">
  <reporter-output>
  </reporter-output>
  <suite started-at="2022-04-09T12:36:00 EDT" name="Suite" finished-at="2022-04-09T12:36:56 EDT" duration-ms="55584">
    <groups>
    </groups>
    <test started-at="2022-04-09T12:36:00 EDT" name="TestTwo" finished-at="2022-04-09T12:36:12 EDT" duration-ms="11618">
      <class name="tests.TwoTest">
        <test-method signature="testTwo()[pri:0, instance:tests.TwoTest@76a2ddf3]" started-at="2022-04-09T12:36:00 EDT" name="testTwo" finished-at="2022-04-09T12:36:12 EDT" duration-ms="11547" status="PASS">
          <reporter-output>
          </reporter-output>
        </test-method> <!-- testTwo -->
      </class> <!-- tests.TwoTest -->
    </test> <!-- TestTwo -->
    <test started-at="2022-04-09T12:36:00 EDT" name="TestThree" finished-at="2022-04-09T12:36:12 EDT" duration-ms="12095">
      <class name="tests.ThreeTest">
        <test-method signature="testThree()[pri:0, instance:tests.ThreeTest@45312be2]" started-at="2022-04-09T12:36:00 EDT" name="testThree" finished-at="2022-04-09T12:36:12 EDT" duration-ms="12039" status="PASS">
          <reporter-output>
          </reporter-output>
        </test-method> <!-- testThree -->
      </class> <!-- tests.ThreeTest -->
    </test> <!-- TestThree -->
    <test started-at="2022-04-09T12:36:00 EDT" name="LoginTest" finished-at="2022-04-09T12:36:26 EDT" duration-ms="25497">
      <class name="tests.LoginTest">
        <test-method is-config="true" signature="openApplication()[pri:0, instance:tests.LoginTest@53f6fd09]" started-at="2022-04-09T12:36:00 EDT" name="openApplication" finished-at="2022-04-09T12:36:09 EDT" duration-ms="8266" status="PASS">
          <reporter-output>
          </reporter-output>
        </test-method> <!-- openApplication -->
        <test-method signature="login(java.lang.String,java.lang.String,java.lang.String)[pri:0, instance:tests.LoginTest@53f6fd09]" started-at="2022-04-09T12:36:09 EDT" name="login" data-provider="getLoginData" finished-at="2022-04-09T12:36:14 EDT" duration-ms="5244" status="PASS">
          <params>
            <param index="0">
              <value>
                <![CDATA[prajna_user@gmail.com]]>
              </value>
            </param>
            <param index="1">
              <value>
                <![CDATA[Second@123]]>
              </value>
            </param>
            <param index="2">
              <value>
                <![CDATA[Success]]>
              </value>
            </param>
          </params>
          <reporter-output>
          </reporter-output>
        </test-method> <!-- login -->
        <test-method is-config="true" signature="closure()[pri:0, instance:tests.LoginTest@53f6fd09]" started-at="2022-04-09T12:36:14 EDT" name="closure" finished-at="2022-04-09T12:36:14 EDT" duration-ms="231" status="PASS">
          <reporter-output>
          </reporter-output>
        </test-method> <!-- closure -->
        <test-method is-config="true" signature="openApplication()[pri:0, instance:tests.LoginTest@53f6fd09]" started-at="2022-04-09T12:36:14 EDT" name="openApplication" finished-at="2022-04-09T12:36:21 EDT" duration-ms="6823" status="PASS">
          <reporter-output>
          </reporter-output>
        </test-method> <!-- openApplication -->
        <test-method signature="login(java.lang.String,java.lang.String,java.lang.String)[pri:0, instance:tests.LoginTest@53f6fd09]" started-at="2022-04-09T12:36:21 EDT" name="login" data-provider="getLoginData" finished-at="2022-04-09T12:36:26 EDT" duration-ms="4781" status="PASS">
          <params>
            <param index="0">
              <value>
                <![CDATA[dummy@test.com]]>
              </value>
            </param>
            <param index="1">
              <value>
                <![CDATA[1234]]>
              </value>
            </param>
            <param index="2">
              <value>
                <![CDATA[Failure]]>
              </value>
            </param>
          </params>
          <reporter-output>
          </reporter-output>
        </test-method> <!-- login -->
        <test-method is-config="true" signature="closure()[pri:0, instance:tests.LoginTest@53f6fd09]" started-at="2022-04-09T12:36:26 EDT" name="closure" finished-at="2022-04-09T12:36:26 EDT" duration-ms="78" status="PASS">
          <reporter-output>
          </reporter-output>
        </test-method> <!-- closure -->
      </class> <!-- tests.LoginTest -->
    </test> <!-- LoginTest -->
    <test started-at="2022-04-09T12:36:00 EDT" name="TestFour" finished-at="2022-04-09T12:36:56 EDT" duration-ms="55584">
      <class name="tests.Fourthtest">
        <test-method signature="testFour()[pri:0, instance:tests.Fourthtest@21ba0741]" started-at="2022-04-09T12:36:00 EDT" name="testFour" finished-at="2022-04-09T12:36:12 EDT" duration-ms="11720" status="FAIL">
          <exception class="java.lang.AssertionError">
            <message>
              <![CDATA[expected [true] but found [false]]]>
            </message>
            <full-stacktrace>
              <![CDATA[java.lang.AssertionError: expected [true] but found [false]
at org.testng.Assert.fail(Assert.java:99)
at org.testng.Assert.failNotEquals(Assert.java:1037)
at org.testng.Assert.assertTrue(Assert.java:45)
at org.testng.Assert.assertTrue(Assert.java:55)
at tests.Fourthtest.testFour(Fourthtest.java:23)
at java.base/jdk.internal.reflect.NativeMethodAccessorImpl.invoke0(Native Method)
at java.base/jdk.internal.reflect.NativeMethodAccessorImpl.invoke(NativeMethodAccessorImpl.java:78)
at java.base/jdk.internal.reflect.DelegatingMethodAccessorImpl.invoke(DelegatingMethodAccessorImpl.java:43)
at java.base/java.lang.reflect.Method.invoke(Method.java:567)
at org.testng.internal.MethodInvocationHelper.invokeMethod(MethodInvocationHelper.java:133)
at org.testng.internal.TestInvoker.invokeMethod(TestInvoker.java:598)
at org.testng.internal.TestInvoker.invokeTestMethod(TestInvoker.java:173)
at org.testng.internal.MethodRunner.runInSequence(MethodRunner.java:46)
at org.testng.internal.TestInvoker$MethodInvocationAgent.invoke(TestInvoker.java:824)
at org.testng.internal.TestInvoker.invokeTestMethods(TestInvoker.java:146)
at org.testng.internal.TestMethodWorker.invokeTestMethods(TestMethodWorker.java:146)
at org.testng.internal.TestMethodWorker.run(TestMethodWorker.java:128)
at java.base/java.util.ArrayList.forEach(ArrayList.java:1511)
at org.testng.TestRunner.privateRun(TestRunner.java:794)
at org.testng.TestRunner.run(TestRunner.java:596)
at org.testng.SuiteRunner.runTest(SuiteRunner.java:377)
at org.testng.SuiteRunner.access$000(SuiteRunner.java:28)
at org.testng.SuiteRunner$SuiteWorker.run(SuiteRunner.java:418)
at org.testng.internal.thread.ThreadUtil.lambda$execute$0(ThreadUtil.java:64)
at java.base/java.util.concurrent.FutureTask.run(FutureTask.java:264)
at java.base/java.util.concurrent.ThreadPoolExecutor.runWorker(ThreadPoolExecutor.java:1130)
at java.base/java.util.concurrent.ThreadPoolExecutor$Worker.run(ThreadPoolExecutor.java:630)
at java.base/java.lang.Thread.run(Thread.java:831)
]]>
            </full-stacktrace>
          </exception> <!-- java.lang.AssertionError -->
          <reporter-output>
          </reporter-output>
        </test-method> <!-- testFour -->
        <test-method is-config="true" signature="closingBrowser()[pri:0, instance:tests.Fourthtest@21ba0741]" started-at="2022-04-09T12:36:56 EDT" name="closingBrowser" finished-at="2022-04-09T12:36:56 EDT" duration-ms="110" status="PASS">
          <reporter-output>
          </reporter-output>
        </test-method> <!-- closingBrowser -->
      </class> <!-- tests.Fourthtest -->
    </test> <!-- TestFour -->
  </suite> <!-- Suite -->
</testng-results>
